2018-06-27 21:47:26,493 [main] ERROR o.o.briefcase.ui.BriefcaseCLI - Error
java.io.UncheckedIOException: java.nio.file.NoSuchFileException: /var/folders/fk/s0yv8hhn2cs_nfsmzhm4dmhc0000gn/T/RtmpHayvoE/ODK Briefcase Storage/cache.ser
	at org.opendatakit.briefcase.reused.UncheckedFiles.createFile(UncheckedFiles.java:133)
	at org.opendatakit.briefcase.util.FormCache.setLocation(FormCache.java:80)
	at org.opendatakit.briefcase.util.FormCache.from(FormCache.java:54)
	at org.opendatakit.briefcase.operations.PullFormFromAggregate.pullFormFromAggregate(PullFormFromAggregate.java:66)
	at org.opendatakit.briefcase.ui.BriefcaseCLI.run(BriefcaseCLI.java:307)
	at org.opendatakit.briefcase.ui.BriefcaseCLI.runLegacyCli(BriefcaseCLI.java:140)
	at org.opendatakit.briefcase.Launcher.lambda$main$1(Launcher.java:77)
	at org.opendatakit.common.cli.Cli.lambda$run$5(Cli.java:132)
	at java.lang.Iterable.forEach(Iterable.java:75)
	at org.opendatakit.common.cli.Cli.run(Cli.java:132)
	at org.opendatakit.briefcase.Launcher.main(Launcher.java:79)
	at sun.reflect.NativeMethodAccessorImpl.invoke0(Native Method)
	at sun.reflect.NativeMethodAccessorImpl.invoke(NativeMethodAccessorImpl.java:62)
	at sun.reflect.DelegatingMethodAccessorImpl.invoke(DelegatingMethodAccessorImpl.java:43)
	at java.lang.reflect.Method.invoke(Method.java:498)
	at org.eclipse.jdt.internal.jarinjarloader.JarRsrcLoader.main(JarRsrcLoader.java:58)
Caused by: java.nio.file.NoSuchFileException: /var/folders/fk/s0yv8hhn2cs_nfsmzhm4dmhc0000gn/T/RtmpHayvoE/ODK Briefcase Storage/cache.ser
	at sun.nio.fs.UnixException.translateToIOException(UnixException.java:86)
	at sun.nio.fs.UnixException.rethrowAsIOException(UnixException.java:102)
	at sun.nio.fs.UnixException.rethrowAsIOException(UnixException.java:107)
	at sun.nio.fs.UnixFileSystemProvider.newByteChannel(UnixFileSystemProvider.java:214)
	at java.nio.file.Files.newByteChannel(Files.java:361)
	at java.nio.file.Files.createFile(Files.java:632)
	at org.opendatakit.briefcase.reused.UncheckedFiles.createFile(UncheckedFiles.java:131)
	... 15 common frames omitted
2018-06-27 21:47:30,519 [main] ERROR o.o.briefcase.ui.BriefcaseCLI - Error
java.io.UncheckedIOException: java.nio.file.NoSuchFileException: /var/folders/fk/s0yv8hhn2cs_nfsmzhm4dmhc0000gn/T/RtmpHayvoE/ODK Briefcase Storage/cache.ser
	at org.opendatakit.briefcase.reused.UncheckedFiles.createFile(UncheckedFiles.java:133)
	at org.opendatakit.briefcase.util.FormCache.setLocation(FormCache.java:80)
	at org.opendatakit.briefcase.util.FormCache.from(FormCache.java:54)
	at org.opendatakit.briefcase.operations.Export.export(Export.java:71)
	at org.opendatakit.briefcase.ui.BriefcaseCLI.run(BriefcaseCLI.java:310)
	at org.opendatakit.briefcase.ui.BriefcaseCLI.runLegacyCli(BriefcaseCLI.java:140)
	at org.opendatakit.briefcase.Launcher.lambda$main$1(Launcher.java:77)
	at org.opendatakit.common.cli.Cli.lambda$run$5(Cli.java:132)
	at java.lang.Iterable.forEach(Iterable.java:75)
	at org.opendatakit.common.cli.Cli.run(Cli.java:132)
	at org.opendatakit.briefcase.Launcher.main(Launcher.java:79)
	at sun.reflect.NativeMethodAccessorImpl.invoke0(Native Method)
	at sun.reflect.NativeMethodAccessorImpl.invoke(NativeMethodAccessorImpl.java:62)
	at sun.reflect.DelegatingMethodAccessorImpl.invoke(DelegatingMethodAccessorImpl.java:43)
	at java.lang.reflect.Method.invoke(Method.java:498)
	at org.eclipse.jdt.internal.jarinjarloader.JarRsrcLoader.main(JarRsrcLoader.java:58)
Caused by: java.nio.file.NoSuchFileException: /var/folders/fk/s0yv8hhn2cs_nfsmzhm4dmhc0000gn/T/RtmpHayvoE/ODK Briefcase Storage/cache.ser
	at sun.nio.fs.UnixException.translateToIOException(UnixException.java:86)
	at sun.nio.fs.UnixException.rethrowAsIOException(UnixException.java:102)
	at sun.nio.fs.UnixException.rethrowAsIOException(UnixException.java:107)
	at sun.nio.fs.UnixFileSystemProvider.newByteChannel(UnixFileSystemProvider.java:214)
	at java.nio.file.Files.newByteChannel(Files.java:361)
	at java.nio.file.Files.createFile(Files.java:632)
	at org.opendatakit.briefcase.reused.UncheckedFiles.createFile(UncheckedFiles.java:131)
	... 15 common frames omitted
